L 02/17/2025 - 13:09:53: SourceMod error session started
L 02/17/2025 - 13:09:53: Info (map "c1m1_hotel") (file "c:\program files (x86)\steam\steamapps\common\left 4 dead 2\left4dead2\addons\sourcemod\logs\errors_20250217.log")
L 02/17/2025 - 13:09:53: [SM] Failed to load plugin "nextmap.smx": Nextmap is incompatible with this game.
L 02/17/2025 - 13:09:54: [SM] Fatal error encountered parsing translation file "plugin.perkmod.txt"
L 02/17/2025 - 13:09:54: [SM] Error (line 0, column 0): Stream failed to open
L 02/17/2025 - 13:10:23: [SM] Exception reported: Language phrase "WelcomeMessageHint" not found (arg 4)
L 02/17/2025 - 13:10:23: [SM] Blaming: perkmod2.smx
L 02/17/2025 - 13:10:23: [SM] Call stack trace:
L 02/17/2025 - 13:10:23: [SM]   [0] PrintHintText
L 02/17/2025 - 13:10:23: [SM]   [1] Line 4821, /home/forums/content/files/2/6/2/1/7/3/147259.attach::Event_PlayerFirstSpawn
L 02/17/2025 - 13:10:26: [SM] Exception reported: Language phrase "InitialMenuPanel1" not found (arg 5)
L 02/17/2025 - 13:10:26: [SM] Blaming: perkmod2.smx
L 02/17/2025 - 13:10:26: [SM] Call stack trace:
L 02/17/2025 - 13:10:26: [SM]   [0] Format
L 02/17/2025 - 13:10:26: [SM]   [1] Line 11403, /home/forums/content/files/2/6/2/1/7/3/147259.attach::Menu_Initial
L 02/17/2025 - 13:10:26: [SM]   [2] Line 5657, /home/forums/content/files/2/6/2/1/7/3/147259.attach::Timer_ShowTopMenu
L 02/17/2025 - 13:10:26: [SM] Exception reported: Language phrase "InitialMenuPanel1" not found (arg 5)
L 02/17/2025 - 13:10:26: [SM] Blaming: perkmod2.smx
L 02/17/2025 - 13:10:26: [SM] Call stack trace:
L 02/17/2025 - 13:10:26: [SM]   [0] Format
L 02/17/2025 - 13:10:26: [SM]   [1] Line 11403, /home/forums/content/files/2/6/2/1/7/3/147259.attach::Menu_Initial
L 02/17/2025 - 13:10:26: [SM]   [2] Line 5657, /home/forums/content/files/2/6/2/1/7/3/147259.attach::Timer_ShowTopMenu
L 02/17/2025 - 13:11:24: Error log file session closed.
L 02/17/2025 - 13:12:04: SourceMod error session started
L 02/17/2025 - 13:12:04: Info (map "c1m1_hotel") (file "c:\program files (x86)\steam\steamapps\common\left 4 dead 2\left4dead2\addons\sourcemod\logs\errors_20250217.log")
L 02/17/2025 - 13:12:04: [SM] Failed to load plugin "nextmap.smx": Nextmap is incompatible with this game.
L 02/17/2025 - 13:12:54: Error log file session closed.
L 02/17/2025 - 13:15:19: SourceMod error session started
L 02/17/2025 - 13:15:19: Info (map "c1m1_hotel") (file "c:\program files (x86)\steam\steamapps\common\left 4 dead 2\left4dead2\addons\sourcemod\logs\errors_20250217.log")
L 02/17/2025 - 13:15:19: [SM] Failed to load plugin "nextmap.smx": Nextmap is incompatible with this game.
L 02/17/2025 - 13:16:50: Error log file session closed.
L 02/17/2025 - 13:17:53: SourceMod error session started
L 02/17/2025 - 13:17:53: Info (map "c1m1_hotel") (file "c:\program files (x86)\steam\steamapps\common\left 4 dead 2\left4dead2\addons\sourcemod\logs\errors_20250217.log")
L 02/17/2025 - 13:17:53: [SM] Failed to load plugin "nextmap.smx": Nextmap is incompatible with this game.
L 02/17/2025 - 13:17:54: [SM] Fatal error encountered parsing translation file "countrynick.phrases.txt"
L 02/17/2025 - 13:17:54: [SM] Error (line 0, column 0): Stream failed to open
L 02/17/2025 - 13:18:17: [SM] Exception reported: Language phrase "Announcer country not found" not found (arg 3)
L 02/17/2025 - 13:18:17: [SM] Blaming: countrynick 1.2.5_11.03.2024.smx
L 02/17/2025 - 13:18:17: [SM] Call stack trace:
L 02/17/2025 - 13:18:17: [SM]   [0] VFormat
L 02/17/2025 - 13:18:17: [SM]   [1] Line 386, /groups/sourcemod/compiler-1.10/include/halflife.inc::PrintToChatAll
L 02/17/2025 - 13:18:17: [SM]   [2] Line 161, /home/forums/content/files/2/5/6/7/1/3/203714.attach::OnClientPostAdminCheck
L 02/17/2025 - 13:21:00: Error log file session closed.
L 02/17/2025 - 13:24:02: SourceMod error session started
L 02/17/2025 - 13:24:02: Info (map "c1m1_hotel") (file "c:\program files (x86)\steam\steamapps\common\left 4 dead 2\left4dead2\addons\sourcemod\logs\errors_20250217.log")
L 02/17/2025 - 13:24:02: [countrynick 1.2.5_11.03.2024.smx] [Country Nick] Warning : AARP41298<2><STEAM_1:1:36880491><> uses 127.0.0.1 that is not listed in GEOIP database
L 02/17/2025 - 13:24:26: Error log file session closed.
L 02/17/2025 - 13:29:10: SourceMod error session started
L 02/17/2025 - 13:29:10: Info (map "c1m1_hotel") (file "c:\program files (x86)\steam\steamapps\common\left 4 dead 2\left4dead2\addons\sourcemod\logs\errors_20250217.log")
L 02/17/2025 - 13:29:10: [countrynick 1.2.5_11.03.2024.smx] [Country Nick] Warning : AARP41298<2><STEAM_1:1:36880491><> uses 127.0.0.1 that is not listed in GEOIP database
L 02/17/2025 - 13:33:54: Error log file session closed.
L 02/17/2025 - 13:34:15: SourceMod error session started
L 02/17/2025 - 13:34:15: Info (map "c1m2_streets") (file "c:\program files (x86)\steam\steamapps\common\left 4 dead 2\left4dead2\addons\sourcemod\logs\errors_20250217.log")
L 02/17/2025 - 13:34:15: [countrynick 1.2.5_11.03.2024.smx] [Country Nick] Warning : AARP41298<2><STEAM_1:1:36880491><> uses 127.0.0.1 that is not listed in GEOIP database
L 02/17/2025 - 13:34:47: Error log file session closed.
L 02/17/2025 - 13:42:09: SourceMod error session started
L 02/17/2025 - 13:42:09: Info (map "c1m2_streets") (file "c:\program files (x86)\steam\steamapps\common\left 4 dead 2\left4dead2\addons\sourcemod\logs\errors_20250217.log")
L 02/17/2025 - 13:42:09: [countrynick 1.2.5_11.03.2024.smx] [Country Nick] Warning : AARP41298<2><STEAM_1:1:36880491><> uses 127.0.0.1 that is not listed in GEOIP database
L 02/17/2025 - 13:46:07: Error log file session closed.
L 02/17/2025 - 13:46:22: SourceMod error session started
L 02/17/2025 - 13:46:22: Info (map "l4d2_tank_challenge") (file "c:\program files (x86)\steam\steamapps\common\left 4 dead 2\left4dead2\addons\sourcemod\logs\errors_20250217.log")
L 02/17/2025 - 13:46:22: [countrynick 1.2.5_11.03.2024.smx] [Country Nick] Warning : AARP41298<9><STEAM_1:1:36880491><> uses 127.0.0.1 that is not listed in GEOIP database
L 02/17/2025 - 13:55:26: Error log file session closed.
