L 02/23/2025 - 13:36:44: SourceMod log file session started (file "c:\program files (x86)\steam\steamapps\common\left 4 dead 2\left4dead2\addons\sourcemod\logs\L20250223.log") (Version "1.12.0.7177")
L 02/23/2025 - 13:36:44: [GEOIP] GeoIP2 database loaded: GeoLite2-City (2025-02-14 10:48:55 UTC) (c:\program files (x86)\steam\steamapps\common\left 4 dead 2\left4dead2\addons\sourcemod\configs\geoip\GeoLite2-City.mmdb)
L 02/23/2025 - 13:36:44: [GEOIP] GeoIP2 supported languages: de en es fr ja pt-BR ru zh-CN
L 02/23/2025 - 13:36:45: [perkmod2.smx] L4D 2 detected.
L 02/23/2025 - 13:36:45: [perkmod2.smx] Retrieved g_iNextActO = 1084
L 02/23/2025 - 13:36:45: [perkmod2.smx] Retrieved g_iAttackTimerO = 5452
L 02/23/2025 - 13:48:30: -------- Mapchange to l4d_deathaboard02_yard --------
L 02/23/2025 - 13:59:36: -------- Mapchange to l4d_deathaboard03_docks --------
L 02/23/2025 - 14:11:37: -------- Mapchange to l4d_deathaboard04_ship --------
L 02/23/2025 - 14:13:20: Log file closed.
L 02/23/2025 - 15:55:37: SourceMod log file session started (file "c:\program files (x86)\steam\steamapps\common\left 4 dead 2\left4dead2\addons\sourcemod\logs\L20250223.log") (Version "1.12.0.7177")
L 02/23/2025 - 15:55:37: [GEOIP] GeoIP2 database loaded: GeoLite2-City (2025-02-14 10:48:55 UTC) (c:\program files (x86)\steam\steamapps\common\left 4 dead 2\left4dead2\addons\sourcemod\configs\geoip\GeoLite2-City.mmdb)
L 02/23/2025 - 15:55:37: [GEOIP] GeoIP2 supported languages: de en es fr ja pt-BR ru zh-CN
L 02/23/2025 - 15:55:38: [perkmod2.smx] L4D 2 detected.
L 02/23/2025 - 15:55:38: [perkmod2.smx] Retrieved g_iNextActO = 1084
L 02/23/2025 - 15:55:38: [perkmod2.smx] Retrieved g_iAttackTimerO = 5452
L 02/23/2025 - 16:07:47: -------- Mapchange to l4d_deathaboard05_light --------
L 02/23/2025 - 16:24:39: Log file closed.
L 02/23/2025 - 16:35:38: SourceMod log file session started (file "c:\program files (x86)\steam\steamapps\common\left 4 dead 2\left4dead2\addons\sourcemod\logs\L20250223.log") (Version "1.12.0.7177")
L 02/23/2025 - 16:35:38: [GEOIP] GeoIP2 database loaded: GeoLite2-City (2025-02-14 10:48:55 UTC) (c:\program files (x86)\steam\steamapps\common\left 4 dead 2\left4dead2\addons\sourcemod\configs\geoip\GeoLite2-City.mmdb)
L 02/23/2025 - 16:35:38: [GEOIP] GeoIP2 supported languages: de en es fr ja pt-BR ru zh-CN
L 02/23/2025 - 16:35:38: [perkmod2.smx] L4D 2 detected.
L 02/23/2025 - 16:35:38: [perkmod2.smx] Retrieved g_iNextActO = 1084
L 02/23/2025 - 16:35:38: [perkmod2.smx] Retrieved g_iAttackTimerO = 5452
L 02/23/2025 - 17:07:20: -------- Mapchange to blood_hospital_01 --------
L 02/23/2025 - 17:21:03: -------- Mapchange to blood_hospital_02 --------
L 02/23/2025 - 17:54:22: -------- Mapchange to blood_hospital_03 --------
L 02/23/2025 - 18:12:05: Log file closed.
