L 02/17/2025 - 13:09:54: SourceMod log file session started (file "c:\program files (x86)\steam\steamapps\common\left 4 dead 2\left4dead2\addons\sourcemod\logs\L20250217.log") (Version "1.12.0.7177")
L 02/17/2025 - 13:09:54: [perkmod2.smx] L4D 2 detected.
L 02/17/2025 - 13:09:54: [perkmod2.smx] Retrieved g_iNextActO = 1084
L 02/17/2025 - 13:09:54: [perkmod2.smx] Retrieved g_iAttackTimerO = 5452
L 02/17/2025 - 13:11:24: Log file closed.
L 02/17/2025 - 13:12:04: SourceMod log file session started (file "c:\program files (x86)\steam\steamapps\common\left 4 dead 2\left4dead2\addons\sourcemod\logs\L20250217.log") (Version "1.12.0.7177")
L 02/17/2025 - 13:12:04: [perkmod2.smx] L4D 2 detected.
L 02/17/2025 - 13:12:04: [perkmod2.smx] Retrieved g_iNextActO = 1084
L 02/17/2025 - 13:12:04: [perkmod2.smx] Retrieved g_iAttackTimerO = 5452
L 02/17/2025 - 13:12:54: Log file closed.
L 02/17/2025 - 13:15:19: SourceMod log file session started (file "c:\program files (x86)\steam\steamapps\common\left 4 dead 2\left4dead2\addons\sourcemod\logs\L20250217.log") (Version "1.12.0.7177")
L 02/17/2025 - 13:15:19: [perkmod2.smx] L4D 2 detected.
L 02/17/2025 - 13:15:19: [perkmod2.smx] Retrieved g_iNextActO = 1084
L 02/17/2025 - 13:15:19: [perkmod2.smx] Retrieved g_iAttackTimerO = 5452
L 02/17/2025 - 13:16:50: Log file closed.
L 02/17/2025 - 13:17:53: SourceMod log file session started (file "c:\program files (x86)\steam\steamapps\common\left 4 dead 2\left4dead2\addons\sourcemod\logs\L20250217.log") (Version "1.12.0.7177")
L 02/17/2025 - 13:17:53: [GEOIP] GeoIP2 database loaded: GeoLite2-City (2019-12-17 20:01:26 UTC) (c:\program files (x86)\steam\steamapps\common\left 4 dead 2\left4dead2\addons\sourcemod\configs\geoip\GeoLite2-City.mmdb)
L 02/17/2025 - 13:17:53: [GEOIP] GeoIP2 supported languages: de en es fr ja pt-BR ru zh-CN
L 02/17/2025 - 13:17:53: [GEOIP] Your database is older than 90 days. You should consider downloading a newer version from e.g. https://dev.maxmind.com/geoip/geolite2-free-geolocation-data
L 02/17/2025 - 13:17:55: [perkmod2.smx] L4D 2 detected.
L 02/17/2025 - 13:17:55: [perkmod2.smx] Retrieved g_iNextActO = 1084
L 02/17/2025 - 13:17:55: [perkmod2.smx] Retrieved g_iAttackTimerO = 5452
L 02/17/2025 - 13:21:00: Log file closed.
L 02/17/2025 - 13:23:29: SourceMod log file session started (file "c:\program files (x86)\steam\steamapps\common\left 4 dead 2\left4dead2\addons\sourcemod\logs\L20250217.log") (Version "1.12.0.7177")
L 02/17/2025 - 13:23:29: [GEOIP] GeoIP2 database loaded: GeoLite2-City (2025-02-14 10:48:55 UTC) (c:\program files (x86)\steam\steamapps\common\left 4 dead 2\left4dead2\addons\sourcemod\configs\geoip\GeoLite2-City.mmdb)
L 02/17/2025 - 13:23:29: [GEOIP] GeoIP2 supported languages: de en es fr ja pt-BR ru zh-CN
L 02/17/2025 - 13:23:29: [perkmod2.smx] L4D 2 detected.
L 02/17/2025 - 13:23:29: [perkmod2.smx] Retrieved g_iNextActO = 1084
L 02/17/2025 - 13:23:29: [perkmod2.smx] Retrieved g_iAttackTimerO = 5452
L 02/17/2025 - 13:24:26: Log file closed.
L 02/17/2025 - 13:28:40: SourceMod log file session started (file "c:\program files (x86)\steam\steamapps\common\left 4 dead 2\left4dead2\addons\sourcemod\logs\L20250217.log") (Version "1.12.0.7177")
L 02/17/2025 - 13:28:40: [GEOIP] GeoIP2 database loaded: GeoLite2-City (2025-02-14 10:48:55 UTC) (c:\program files (x86)\steam\steamapps\common\left 4 dead 2\left4dead2\addons\sourcemod\configs\geoip\GeoLite2-City.mmdb)
L 02/17/2025 - 13:28:40: [GEOIP] GeoIP2 supported languages: de en es fr ja pt-BR ru zh-CN
L 02/17/2025 - 13:28:40: [perkmod2.smx] L4D 2 detected.
L 02/17/2025 - 13:28:40: [perkmod2.smx] Retrieved g_iNextActO = 1084
L 02/17/2025 - 13:28:40: [perkmod2.smx] Retrieved g_iAttackTimerO = 5452
L 02/17/2025 - 13:33:54: -------- Mapchange to c1m2_streets --------
L 02/17/2025 - 13:34:47: Log file closed.
L 02/17/2025 - 13:41:47: SourceMod log file session started (file "c:\program files (x86)\steam\steamapps\common\left 4 dead 2\left4dead2\addons\sourcemod\logs\L20250217.log") (Version "1.12.0.7177")
L 02/17/2025 - 13:41:47: [GEOIP] GeoIP2 database loaded: GeoLite2-City (2025-02-14 10:48:55 UTC) (c:\program files (x86)\steam\steamapps\common\left 4 dead 2\left4dead2\addons\sourcemod\configs\geoip\GeoLite2-City.mmdb)
L 02/17/2025 - 13:41:47: [GEOIP] GeoIP2 supported languages: de en es fr ja pt-BR ru zh-CN
L 02/17/2025 - 13:41:47: [perkmod2.smx] L4D 2 detected.
L 02/17/2025 - 13:41:47: [perkmod2.smx] Retrieved g_iNextActO = 1084
L 02/17/2025 - 13:41:47: [perkmod2.smx] Retrieved g_iAttackTimerO = 5452
L 02/17/2025 - 13:46:07: -------- Mapchange to l4d2_tank_challenge --------
L 02/17/2025 - 13:55:26: Log file closed.
